d:\egfwd\professional embedded\payment\paymentapp\paymentapp\x64\debug\vc143.pdb
d:\egfwd\professional embedded\payment\paymentapp\paymentapp\x64\debug\vc143.idb
d:\egfwd\professional embedded\payment\paymentapp\paymentapp\x64\debug\terminal.obj
d:\egfwd\professional embedded\payment\paymentapp\paymentapp\x64\debug\server.obj
d:\egfwd\professional embedded\payment\paymentapp\paymentapp\x64\debug\card.obj
d:\egfwd\professional embedded\payment\paymentapp\paymentapp\x64\debug\app.obj
d:\egfwd\professional embedded\payment\paymentapp\paymentapp\x64\debug\paymentapp.res
d:\egfwd\professional embedded\payment\paymentapp\paymentapp\x64\debug\app.obj.enc
d:\egfwd\professional embedded\payment\paymentapp\paymentapp\x64\debug\server.obj.enc
d:\egfwd\professional embedded\payment\paymentapp\paymentapp\x64\debug\app.nativecodeanalysis.xml
d:\egfwd\professional embedded\payment\paymentapp\paymentapp\x64\debug\card.nativecodeanalysis.xml
d:\egfwd\professional embedded\payment\paymentapp\paymentapp\x64\debug\server.nativecodeanalysis.xml
d:\egfwd\professional embedded\payment\paymentapp\paymentapp\x64\debug\terminal.nativecodeanalysis.xml
d:\egfwd\professional embedded\payment\paymentapp\paymentapp\x64\debug\vc.nativecodeanalysis.all.xml
d:\egfwd\professional embedded\payment\paymentapp\x64\debug\paymentapp.pdb
d:\egfwd\professional embedded\payment\paymentapp\paymentapp\x64\debug\paymentapp.tlog\cl.command.1.tlog
d:\egfwd\professional embedded\payment\paymentapp\paymentapp\x64\debug\paymentapp.tlog\cl.read.1.tlog
d:\egfwd\professional embedded\payment\paymentapp\paymentapp\x64\debug\paymentapp.tlog\cl.write.1.tlog
d:\egfwd\professional embedded\payment\paymentapp\paymentapp\x64\debug\paymentapp.tlog\link-cvtres.read.1.tlog
d:\egfwd\professional embedded\payment\paymentapp\paymentapp\x64\debug\paymentapp.tlog\link-cvtres.write.1.tlog
d:\egfwd\professional embedded\payment\paymentapp\paymentapp\x64\debug\paymentapp.tlog\link-rc.read.1.tlog
d:\egfwd\professional embedded\payment\paymentapp\paymentapp\x64\debug\paymentapp.tlog\link-rc.write.1.tlog
d:\egfwd\professional embedded\payment\paymentapp\paymentapp\x64\debug\paymentapp.tlog\link.8784-cvtres.read.1.tlog
d:\egfwd\professional embedded\payment\paymentapp\paymentapp\x64\debug\paymentapp.tlog\link.8784-cvtres.write.1.tlog
d:\egfwd\professional embedded\payment\paymentapp\paymentapp\x64\debug\paymentapp.tlog\link.8784-rc.read.1.tlog
d:\egfwd\professional embedded\payment\paymentapp\paymentapp\x64\debug\paymentapp.tlog\link.8784-rc.write.1.tlog
d:\egfwd\professional embedded\payment\paymentapp\paymentapp\x64\debug\paymentapp.tlog\link.8784.read.1.tlog
d:\egfwd\professional embedded\payment\paymentapp\paymentapp\x64\debug\paymentapp.tlog\link.8784.read.2.tlog
d:\egfwd\professional embedded\payment\paymentapp\paymentapp\x64\debug\paymentapp.tlog\link.8784.write.1.tlog
d:\egfwd\professional embedded\payment\paymentapp\paymentapp\x64\debug\paymentapp.tlog\link.command.1.tlog
d:\egfwd\professional embedded\payment\paymentapp\paymentapp\x64\debug\paymentapp.tlog\link.read.1.tlog
d:\egfwd\professional embedded\payment\paymentapp\paymentapp\x64\debug\paymentapp.tlog\link.read.2.tlog
d:\egfwd\professional embedded\payment\paymentapp\paymentapp\x64\debug\paymentapp.tlog\link.write.1.tlog
d:\egfwd\professional embedded\payment\paymentapp\paymentapp\x64\debug\paymentapp.tlog\rc.command.1.tlog
d:\egfwd\professional embedded\payment\paymentapp\paymentapp\x64\debug\paymentapp.tlog\rc.read.1.tlog
d:\egfwd\professional embedded\payment\paymentapp\paymentapp\x64\debug\paymentapp.tlog\rc.write.1.tlog
